# JRE version: OpenJDK Runtime Environment (8.0_242) (build 1.8.0_242-release-1644-b3-6222593)
# Java VM: OpenJDK 64-Bit Server VM (25.242-b3-6222593 mixed mode linux-amd64 compressed oops)
Heap:
 PSYoungGen      total 456192K, used 14508K [0x00000000d5580000, 0x00000000f3580000, 0x0000000100000000)
  eden space 420864K, 0% used [0x00000000d5580000,0x00000000d5580000,0x00000000ef080000)
  from space 35328K, 41% used [0x00000000ef080000,0x00000000efeab248,0x00000000f1300000)
  to   space 34304K, 0% used [0x00000000f1400000,0x00000000f1400000,0x00000000f3580000)
 ParOldGen       total 100352K, used 86730K [0x0000000080000000, 0x0000000086200000, 0x00000000d5580000)
  object space 100352K, 86% used [0x0000000080000000,0x00000000854b29c0,0x0000000086200000)
 Metaspace       used 88411K, capacity 92874K, committed 93232K, reserved 1130496K
  class space    used 11315K, capacity 12216K, committed 12336K, reserved 1048576K
GC Heap History (10 events):
Event: 7868.467 GC heap after
Heap after GC invocations=21 (full 3):
 PSYoungGen      total 312832K, used 16800K [0x00000000d5580000, 0x00000000eba00000, 0x0000000100000000)
  eden space 271360K, 0% used [0x00000000d5580000,0x00000000d5580000,0x00000000e5e80000)
  from space 41472K, 40% used [0x00000000e8480000,0x00000000e94e8230,0x00000000ead00000)
  to   space 38912K, 0% used [0x00000000e5e80000,0x00000000e5e80000,0x00000000e8480000)
 ParOldGen       total 100352K, used 70883K [0x0000000080000000, 0x0000000086200000, 0x00000000d5580000)
  object space 100352K, 70% used [0x0000000080000000,0x0000000084538f98,0x0000000086200000)
 Metaspace       used 87893K, capacity 92194K, committed 92336K, reserved 1130496K
  class space    used 11268K, capacity 12134K, committed 12208K, reserved 1048576K
}
Event: 7875.259 GC heap before
{Heap before GC invocations=22 (full 3):
 PSYoungGen      total 312832K, used 288160K [0x00000000d5580000, 0x00000000eba00000, 0x0000000100000000)
  eden space 271360K, 100% used [0x00000000d5580000,0x00000000e5e80000,0x00000000e5e80000)
  from space 41472K, 40% used [0x00000000e8480000,0x00000000e94e8230,0x00000000ead00000)
  to   space 38912K, 0% used [0x00000000e5e80000,0x00000000e5e80000,0x00000000e8480000)
 ParOldGen       total 100352K, used 70883K [0x0000000080000000, 0x0000000086200000, 0x00000000d5580000)
  object space 100352K, 70% used [0x0000000080000000,0x0000000084538f98,0x0000000086200000)
 Metaspace       used 87946K, capacity 92262K, committed 92336K, reserved 1130496K
  class space    used 11268K, capacity 12134K, committed 12208K, reserved 1048576K
Event: 7875.315 GC heap after
Heap after GC invocations=22 (full 3):
 PSYoungGen      total 310272K, used 19911K [0x00000000d5580000, 0x00000000ecf80000, 0x0000000100000000)
  eden space 271360K, 0% used [0x00000000d5580000,0x00000000d5580000,0x00000000e5e80000)
  from space 38912K, 51% used [0x00000000e5e80000,0x00000000e71f1cb8,0x00000000e8480000)
  to   space 37888K, 0% used [0x00000000eaa80000,0x00000000eaa80000,0x00000000ecf80000)
 ParOldGen       total 100352K, used 70891K [0x0000000080000000, 0x0000000086200000, 0x00000000d5580000)
  object space 100352K, 70% used [0x0000000080000000,0x000000008453af98,0x0000000086200000)
 Metaspace       used 87946K, capacity 92262K, committed 92336K, reserved 1130496K
  class space    used 11268K, capacity 12134K, committed 12208K, reserved 1048576K
}
Event: 7875.769 GC heap before
{Heap before GC invocations=23 (full 3):
 PSYoungGen      total 310272K, used 291271K [0x00000000d5580000, 0x00000000ecf80000, 0x0000000100000000)
  eden space 271360K, 100% used [0x00000000d5580000,0x00000000e5e80000,0x00000000e5e80000)
  from space 38912K, 51% used [0x00000000e5e80000,0x00000000e71f1cb8,0x00000000e8480000)
  to   space 37888K, 0% used [0x00000000eaa80000,0x00000000eaa80000,0x00000000ecf80000)
 ParOldGen       total 100352K, used 70891K [0x0000000080000000, 0x0000000086200000, 0x00000000d5580000)
  object space 100352K, 70% used [0x0000000080000000,0x000000008453af98,0x0000000086200000)
 Metaspace       used 87959K, capacity 92262K, committed 92336K, reserved 1130496K
  class space    used 11268K, capacity 12134K, committed 12208K, reserved 1048576K
Event: 7879.516 GC heap after
Heap after GC invocations=23 (full 3):
 PSYoungGen      total 349184K, used 22847K [0x00000000d5580000, 0x00000000f0880000, 0x0000000100000000)
  eden space 311296K, 0% used [0x00000000d5580000,0x00000000d5580000,0x00000000e8580000)
  from space 37888K, 60% used [0x00000000eaa80000,0x00000000ec0cfe90,0x00000000ecf80000)
  to   space 37888K, 0% used [0x00000000e8580000,0x00000000e8580000,0x00000000eaa80000)
 ParOldGen       total 100352K, used 70899K [0x0000000080000000, 0x0000000086200000, 0x00000000d5580000)
  object space 100352K, 70% used [0x0000000080000000,0x000000008453cf98,0x0000000086200000)
 Metaspace       used 87959K, capacity 92262K, committed 92336K, reserved 1130496K
  class space    used 11268K, capacity 12134K, committed 12208K, reserved 1048576K
}
Event: 7896.471 GC heap before
{Heap before GC invocations=24 (full 3):
 PSYoungGen      total 349184K, used 334143K [0x00000000d5580000, 0x00000000f0880000, 0x0000000100000000)
  eden space 311296K, 100% used [0x00000000d5580000,0x00000000e8580000,0x00000000e8580000)
  from space 37888K, 60% used [0x00000000eaa80000,0x00000000ec0cfe90,0x00000000ecf80000)
  to   space 37888K, 0% used [0x00000000e8580000,0x00000000e8580000,0x00000000eaa80000)
 ParOldGen       total 100352K, used 70899K [0x0000000080000000, 0x0000000086200000, 0x00000000d5580000)
  object space 100352K, 70% used [0x0000000080000000,0x000000008453cf98,0x0000000086200000)
 Metaspace       used 88023K, capacity 92394K, committed 92592K, reserved 1130496K
  class space    used 11269K, capacity 12134K, committed 12208K, reserved 1048576K
Event: 7896.640 GC heap after
Heap after GC invocations=24 (full 3):
 PSYoungGen      total 349184K, used 15644K [0x00000000d5580000, 0x00000000f3780000, 0x0000000100000000)
  eden space 311296K, 0% used [0x00000000d5580000,0x00000000d5580000,0x00000000e8580000)
  from space 37888K, 41% used [0x00000000e8580000,0x00000000e94c72d0,0x00000000eaa80000)
  to   space 36352K, 0% used [0x00000000f1400000,0x00000000f1400000,0x00000000f3780000)
 ParOldGen       total 100352K, used 72703K [0x0000000080000000, 0x0000000086200000, 0x00000000d5580000)
  object space 100352K, 72% used [0x0000000080000000,0x00000000846fff90,0x0000000086200000)
 Metaspace       used 88023K, capacity 92394K, committed 92592K, reserved 1130496K
  class space    used 11269K, capacity 12134K, committed 12208K, reserved 1048576K
}
Event: 7902.678 GC heap before
{Heap before GC invocations=25 (full 3):
 PSYoungGen      total 349184K, used 326940K [0x00000000d5580000, 0x00000000f3780000, 0x0000000100000000)
  eden space 311296K, 100% used [0x00000000d5580000,0x00000000e8580000,0x00000000e8580000)
  from space 37888K, 41% used [0x00000000e8580000,0x00000000e94c72d0,0x00000000eaa80000)
  to   space 36352K, 0% used [0x00000000f1400000,0x00000000f1400000,0x00000000f3780000)
 ParOldGen       total 100352K, used 72703K [0x0000000080000000, 0x0000000086200000, 0x00000000d5580000)
  object space 100352K, 72% used [0x0000000080000000,0x00000000846fff90,0x0000000086200000)
 Metaspace       used 88037K, capacity 92394K, committed 92592K, reserved 1130496K
  class space    used 11269K, capacity 12134K, committed 12208K, reserved 1048576K
Event: 7903.976 GC heap after
Heap after GC invocations=25 (full 3):
 PSYoungGen      total 455168K, used 19537K [0x00000000d5580000, 0x00000000f3580000, 0x0000000100000000)
  eden space 420864K, 0% used [0x00000000d5580000,0x00000000d5580000,0x00000000ef080000)
  from space 34304K, 56% used [0x00000000f1400000,0x00000000f2714718,0x00000000f3580000)
  to   space 35328K, 0% used [0x00000000ef080000,0x00000000ef080000,0x00000000f1300000)
 ParOldGen       total 100352K, used 74782K [0x0000000080000000, 0x0000000086200000, 0x00000000d5580000)
  object space 100352K, 74% used [0x0000000080000000,0x0000000084907b70,0x0000000086200000)
 Metaspace       used 88037K, capacity 92394K, committed 92592K, reserved 1130496K
  class space    used 11269K, capacity 12134K, committed 12208K, reserved 1048576K
}
Event: 7931.324 GC heap before
{Heap before GC invocations=26 (full 3):
 PSYoungGen      total 455168K, used 440401K [0x00000000d5580000, 0x00000000f3580000, 0x0000000100000000)
  eden space 420864K, 100% used [0x00000000d5580000,0x00000000ef080000,0x00000000ef080000)
  from space 34304K, 56% used [0x00000000f1400000,0x00000000f2714718,0x00000000f3580000)
  to   space 35328K, 0% used [0x00000000ef080000,0x00000000ef080000,0x00000000f1300000)
 ParOldGen       total 100352K, used 74782K [0x0000000080000000, 0x0000000086200000, 0x00000000d5580000)
  object space 100352K, 74% used [0x0000000080000000,0x0000000084907b70,0x0000000086200000)
 Metaspace       used 88411K, capacity 92874K, committed 93232K, reserved 1130496K
  class space    used 11315K, capacity 12216K, committed 12336K, reserved 1048576K

